<?xml version="1.0" encoding="UTF-8"?>
<testng-results skipped="0" failed="0" ignored="0" total="1" passed="1">
  <reporter-output>
  </reporter-output>
  <suite name="Default suite" duration-ms="40888" started-at="2019-06-26T09:39:13Z" finished-at="2019-06-26T09:39:54Z">
    <groups>
    </groups>
    <test name="Default test" duration-ms="40888" started-at="2019-06-26T09:39:13Z" finished-at="2019-06-26T09:39:54Z">
      <class name="com.training.sanity.tests.LoginTests_RETC_011">
        <test-method status="PASS" signature="setUpBeforeClass()[pri:0, instance:com.training.sanity.tests.LoginTests_RETC_011@47c62251]" name="setUpBeforeClass" is-config="true" duration-ms="20" started-at="2019-06-26T09:39:13Z" finished-at="2019-06-26T09:39:14Z">
          <reporter-output>
          </reporter-output>
        </test-method> <!-- setUpBeforeClass -->
        <test-method status="PASS" signature="setUp()[pri:0, instance:com.training.sanity.tests.LoginTests_RETC_011@47c62251]" name="setUp" is-config="true" duration-ms="29664" started-at="2019-06-26T09:39:14Z" finished-at="2019-06-26T09:39:43Z">
          <reporter-output>
          </reporter-output>
        </test-method> <!-- setUp -->
        <test-method status="PASS" signature="Test_RETC_011()[pri:0, instance:com.training.sanity.tests.LoginTests_RETC_011@47c62251]" name="Test_RETC_011" duration-ms="9378" started-at="2019-06-26T09:39:43Z" finished-at="2019-06-26T09:39:53Z">
          <reporter-output>
          </reporter-output>
        </test-method> <!-- Test_RETC_011 -->
        <test-method status="PASS" signature="tearDown()[pri:0, instance:com.training.sanity.tests.LoginTests_RETC_011@47c62251]" name="tearDown" is-config="true" duration-ms="1794" started-at="2019-06-26T09:39:53Z" finished-at="2019-06-26T09:39:54Z">
          <reporter-output>
          </reporter-output>
        </test-method> <!-- tearDown -->
      </class> <!-- com.training.sanity.tests.LoginTests_RETC_011 -->
    </test> <!-- Default test -->
  </suite> <!-- Default suite -->
</testng-results>
